This file contains any messages produced by compilers while
running configure, to aid debugging if configure makes a mistake.

It was created by configure, which was
generated by GNU Autoconf 2.65.  Invocation command line was

  $ ./configure 

## --------- ##
## Platform. ##
## --------- ##

hostname = phoenix
uname -m = i686
uname -r = 3.5.0-2.fc17.i686.PAE
uname -s = Linux
uname -v = #1 SMP Mon Jul 30 15:18:54 UTC 2012

/usr/bin/uname -p = i686
/bin/uname -X     = unknown

/bin/arch              = i686
/usr/bin/arch -k       = unknown
/usr/convex/getsysinfo = unknown
/usr/bin/hostinfo      = unknown
/bin/machine           = unknown
/usr/bin/oslevel       = unknown
/bin/universe          = unknown

PATH: .
PATH: /home/PhD11/mamagham/bin/linux
PATH: /home/PhD11/mamagham/bin/common
PATH: /usr/local/bin
PATH: /usr/X11/bin
PATH: /sbin
PATH: /usr/sbin
PATH: /usr/X11R6/bin/
PATH: /home/PhD11/mamagham/bin/linux
PATH: /home/PhD11/mamagham/bin/common
PATH: /home/amulocal/linux/bin
PATH: /home/amulocal/common/bin
PATH: /usr/local/bin
PATH: /usr/etc
PATH: /usr/ucb
PATH: /bin
PATH: /usr/bin
PATH: /usr/games
PATH: /bin
PATH: /usr/hosts
PATH: /usr/lang


## ----------- ##
## Core tests. ##
## ----------- ##

configure:1712: checking for a BSD-compatible install
configure:1780: result: /bin/install -c
configure:1791: checking whether build environment is sane
configure:1841: result: yes
configure:1982: checking for a thread-safe mkdir -p
configure:2021: result: /bin/mkdir -p
configure:2034: checking for gawk
configure:2050: found /bin/gawk
configure:2061: result: gawk
configure:2072: checking whether make sets $(MAKE)
configure:2094: result: yes
configure:2178: checking for ghc
configure:2196: found /bin/ghc
configure:2209: result: /bin/ghc
configure:2243: checking for gtk2hs/cairo in GHC
configure:2256: result: yes
configure:2269: checking for allowable warning flags for ghc
configure:2278: result:  -fno-warn-unused-do-bind
configure:2343: checking for gm
configure:2374: result: no
configure:2385: checking for convert
configure:2403: found /bin/convert
configure:2416: result: /bin/convert
configure:2579: creating ./config.status

## ---------------------- ##
## Running config.status. ##
## ---------------------- ##

This file was extended by config.status, which was
generated by GNU Autoconf 2.65.  Invocation command line was

  CONFIG_FILES    = 
  CONFIG_HEADERS  = 
  CONFIG_LINKS    = 
  CONFIG_COMMANDS = 
  $ ./config.status 

on phoenix

config.status:778: creating Makefile
config.status:778: creating bin/Makefile
config.status:778: creating bin/teak-config
config.status:778: creating src/Makefile
config.status:778: creating doc/Makefile
config.status:778: creating doc/manual/Makefile
config.status:778: creating library/Makefile
config.status:778: creating library/teak/Makefile
config.status:778: creating library/teak/sim/Makefile
config.status:778: creating library/balsa/Makefile
config.status:778: creating library/balsa/types/Makefile
config.status:778: creating library/balsa/sim/Makefile
config.status:778: creating library/balsa/parts/Makefile
config.status:778: creating runtime/Makefile
config.status:778: creating runtime/verilog/Makefile
config.status:778: creating tech/Makefile
config.status:778: creating optim/Makefile
config.status:778: creating aschem/examples/Makefile
config.status:778: creating aschem/Makefile
config.status:778: creating examples/Makefile
config.status:778: creating examples/sparkler/Makefile
config.status:778: creating examples/builtins/Makefile
config.status:778: creating examples/events/Makefile
config.status:778: creating examples/ssem/Makefile
config.status:778: creating examples/punf/Makefile
config.status:778: creating examples/small/Makefile
config.status:778: creating misc-hs/Makefile
config.status:778: creating misc-hs/traverse/Makefile

## ---------------- ##
## Cache variables. ##
## ---------------- ##

ac_cv_env_build_alias_set=
ac_cv_env_build_alias_value=
ac_cv_env_host_alias_set=
ac_cv_env_host_alias_value=
ac_cv_env_target_alias_set=
ac_cv_env_target_alias_value=
ac_cv_path_CONVERT=/bin/convert
ac_cv_path_CONVERT_GM=no
ac_cv_path_GHC=/bin/ghc
ac_cv_path_install='/bin/install -c'
ac_cv_path_mkdir=/bin/mkdir
ac_cv_prog_AWK=gawk
ac_cv_prog_make_make_set=yes

## ----------------- ##
## Output variables. ##
## ----------------- ##

ACLOCAL='${SHELL} /home/PhD11/mamagham/teak/missing --run aclocal-1.11'
AMTAR='${SHELL} /home/PhD11/mamagham/teak/missing --run tar'
AUTOCONF='${SHELL} /home/PhD11/mamagham/teak/missing --run autoconf'
AUTOHEADER='${SHELL} /home/PhD11/mamagham/teak/missing --run autoheader'
AUTOMAKE='${SHELL} /home/PhD11/mamagham/teak/missing --run automake-1.11'
AWK='gawk'
CONVERT='/bin/convert'
CONVERT_GM='no'
CYGPATH_W='echo'
DEFS='-DPACKAGE_NAME=\"\" -DPACKAGE_TARNAME=\"\" -DPACKAGE_VERSION=\"\" -DPACKAGE_STRING=\"\" -DPACKAGE_BUGREPORT=\"\" -DPACKAGE_URL=\"\" -DPACKAGE=\"teak\" -DVERSION=\"0.4\"'
ECHO_C=''
ECHO_N='-n'
ECHO_T=''
GHC='/bin/ghc'
GHC_FLAGS=' -fno-warn-unused-do-bind'
HAS_GTK2HS='1'
INSTALL_DATA='${INSTALL} -m 644'
INSTALL_PROGRAM='${INSTALL}'
INSTALL_SCRIPT='${INSTALL}'
INSTALL_STRIP_PROGRAM='$(install_sh) -c -s'
LIBOBJS=''
LIBS=''
LTLIBOBJS=''
MAKEINFO='${SHELL} /home/PhD11/mamagham/teak/missing --run makeinfo'
MKDIR_P='/bin/mkdir -p'
PACKAGE='teak'
PACKAGES=' -package gtk -package cairo'
PACKAGE_BUGREPORT=''
PACKAGE_NAME=''
PACKAGE_STRING=''
PACKAGE_TARNAME=''
PACKAGE_URL=''
PACKAGE_VERSION=''
PATH_SEPARATOR=':'
SET_MAKE=''
SHELL='/bin/sh'
STRIP=''
VERSION='0.4'
am__isrc=''
am__leading_dot='.'
am__tar='${AMTAR} chof - "$$tardir"'
am__untar='${AMTAR} xf -'
bindir='${exec_prefix}/bin'
build_alias=''
datadir='${datarootdir}'
datarootdir='${prefix}/share'
docdir='${datarootdir}/doc/${PACKAGE}'
dvidir='${docdir}'
exec_prefix='${prefix}'
host_alias=''
htmldir='${docdir}'
includedir='${prefix}/include'
infodir='${datarootdir}/info'
install_sh='${SHELL} /home/PhD11/mamagham/teak/install-sh'
libdir='${exec_prefix}/lib'
libexecdir='${exec_prefix}/libexec'
librarydir='/usr/local/share/teak/library'
localedir='${datarootdir}/locale'
localstatedir='${prefix}/var'
mandir='${datarootdir}/man'
mkdir_p='/bin/mkdir -p'
oldincludedir='/usr/include'
optimdir='/usr/local/share/teak/optim'
pdfdir='${docdir}'
prefix='/usr/local'
program_transform_name='s,x,x,'
psdir='${docdir}'
runtimedir='/usr/local/share/teak/runtime'
sbindir='${exec_prefix}/sbin'
sharedstatedir='${prefix}/com'
sysconfdir='${prefix}/etc'
target_alias=''
techdir='/usr/local/share/teak/tech'

## ----------- ##
## confdefs.h. ##
## ----------- ##

/* confdefs.h */
#define PACKAGE_NAME ""
#define PACKAGE_TARNAME ""
#define PACKAGE_VERSION ""
#define PACKAGE_STRING ""
#define PACKAGE_BUGREPORT ""
#define PACKAGE_URL ""
#define PACKAGE "teak"
#define VERSION "0.4"

configure: exit 0
