BrzF_0_l31__28_280_200_29_20_280_200_29_29
BrzF_0_l45__28_280_200_29_20_280_200_29_20_m33m
BrzF_0_l59__28_280_200_29_20_280_200_29_20_m34m
BrzF_0_l73__28_280_200_29_20_280_200_29_20_m35m
BrzF_0_l87__28_280_200_29_20_280_200_29_20_m36m
BrzF_0_l101__28_280_200_29_20_280_200_29_2_m37m
BrzF_0_l115__28_280_200_29_20_280_200_29_2_m38m
BrzF_0_l199__28_280_200_29_20_280_200_29_2_m39m
BrzF_1_l17__28_280_200_29_29
BrzF_1_l31__28_280_200_29_20_280_201_29_29
BrzF_3_l31__28_280_200_29_20_280_203_29_29
BrzF_32_l17__28_280_200_29_29
BrzF_32_l32__28_280_200_29_20_280_2032_29__m40m
BrzF_33_l32__28_280_200_29_20_280_2033_29__m41m
BrzF_34_l32__28_280_200_29_20_280_2034_29__m42m
BrzF_35_l32__28_280_200_29_20_280_2035_29__m43m
BrzF_36_l32__28_280_200_29_20_280_2036_29__m44m
BrzJ_l11__280_200_29
BrzJ_l15__280_200_200_29
BrzJ_l19__280_200_200_200_29
BrzJ_l23__280_200_200_200_200_29
BrzJ_l27__280_200_200_200_200_200_29
BrzJ_l35__280_200_200_200_200_200_200_200__m45m
BrzJ_l59__280_200_200_200_200_200_200_200__m46m
BrzJ_l11__280_202_29
BrzJ_l11__280_203_29
BrzJ_l11__280_209_29
BrzJ_l11__281_200_29
BrzJ_l11__281_201_29
BrzJ_l11__281_203_29
BrzJ_l12__281_2031_29
BrzJ_l12__281_2032_29
BrzJ_l12__281_2034_29
BrzJ_l12__282_2033_29
BrzJ_l11__283_200_29
BrzJ_l12__2832_200_29
BrzJ_l12__2832_201_29
BrzJ_l12__2832_202_29
BrzJ_l12__2832_203_29
BrzJ_l12__2833_200_29
BrzJ_l12__2833_201_29
BrzJ_l12__2833_202_29
BrzJ_l13__2833_2033_29
BrzJ_l12__2834_200_29
BrzJ_l12__2834_201_29
BrzJ_l12__2835_200_29
BrzJ_l13__2835_2035_29
BrzJ_l12__2836_200_29
BrzM_0_2
BrzM_0_9
BrzM_1_2
BrzM_1_3
BrzM_2_2
BrzM_3_3
BrzM_9_9
BrzM_32_2
BrzM_32_3
BrzM_35_2
BrzM_35_9
BrzM_36_2
BrzO_0_1_l23__28_28num_201_200_29_29
BrzO_0_1_l23__28_28num_201_201_29_29
BrzO_0_2_l23__28_28num_202_200_29_29
BrzO_0_2_l23__28_28num_202_201_29_29
BrzO_0_2_l23__28_28num_202_202_29_29
BrzO_0_3_l23__28_28num_203_201_29_29
BrzO_0_3_l23__28_28num_203_202_29_29
BrzO_0_3_l23__28_28num_203_204_29_29
BrzO_0_9_l23__28_28num_209_201_29_29
BrzO_0_9_l23__28_28num_209_202_29_29
BrzO_0_9_l23__28_28num_209_204_29_29
BrzO_0_9_l23__28_28num_209_208_29_29
BrzO_0_9_l24__28_28num_209_2016_29_29
BrzO_0_9_l24__28_28num_209_2032_29_29
BrzO_0_9_l24__28_28num_209_2064_29_29
BrzO_0_9_l25__28_28num_209_20128_29_29
BrzO_0_9_l25__28_28num_209_20256_29_29
BrzO_0_10_l26__28_28num_2010_20256_29_29
BrzO_0_32_l24__28_28num_2032_200_29_29
BrzO_0_35_l24__28_28num_2035_200_29_29
BrzO_0_36_l24__28_28num_2036_200_29_29
BrzO_2_1_l119__28_28app_201_20_280_200_201_m47m
BrzO_4_35_l91__28_28app_2031_20_280_203_20_m48m
BrzO_9_10_l75__28_28num_201_200_29_20_28ap_m49m
BrzO_32_35_l91__28_28app_203_20_280_2031_2_m50m
BrzO_32_35_l76__28_28num_203_200_29_20_28a_m51m
BrzO_33_1_l196__28_28app_201_20_280_200_20_m52m
BrzO_33_36_l91__28_28app_203_20_280_2032_2_m53m
BrzO_33_36_l76__28_28num_203_200_29_20_28a_m54m
BrzO_35_35_l34__28_28not_20_280_200_2035_2_m55m
BrzO_35_36_l76__28_28num_201_200_29_20_28a_m56m
BrzO_66_34_l270__28_28app_201_20_280_200_2_m57m
BrzO_70_35_l124__28_28app_201_20_280_200_2_m58m
BrzO_70_35_l123__28_28app_201_20_280_200_2_m59m
BrzO_70_35_l124__28_28app_201_20_280_200_2_m60m
BrzS_1_l11__280_201_29_l95__28_28_28_280_2_m61m
BrzS_2_l11__280_202_29_l95__28_28_28_281_2_m62m
BrzS_3_l11__280_203_29_l137__28_28_28_280__m63m
BrzS_3_l11__280_203_29_l141__28_28_28_281__m64m
BrzS_3_l11__280_203_29_l151__28_28_28_281__m65m
BrzS_4_l11__280_204_29_l521__28_28_28_280__m66m
BrzS_4_l11__281_203_29_l141__28_28_28_281__m67m
BrzS_9_l11__280_209_29_l424__28_28_28_281__m68m
BrzS_34_l12__2832_202_29_l97__28_28_28_281_m69m
BrzS_35_l12__2832_203_29_l144__28_28_28_28_m70m
BrzV_1_l6__28_29_l23__28_28_280_201_29_29__m71m
BrzV_1_l6__28_29_l23__28_28_280_201_29_29__m72m
BrzV_1_l6__28_29_l23__28_28_280_201_29_29__m73m
BrzV_1_l6__28_29_l43__28_28_280_201_29_29__m74m
BrzV_3_l6__28_29_l23__28_28_280_203_29_29__m75m
BrzV_3_l6__28_29_l23__28_28_280_203_29_29__m76m
BrzV_4_l6__28_29_l43__28_28_280_204_29_29__m77m
BrzV_10_l6__28_29_l24__28_28_280_2010_29_2_m78m
BrzV_10_l6__28_29_l45__28_28_280_2010_29_2_m79m
BrzV_32_l6__28_29_l24__28_28_280_2032_29_2_m80m
BrzV_32_l6__28_29_l24__28_28_280_2032_29_2_m81m
BrzV_32_l6__28_29_l24__28_28_280_2032_29_2_m82m
BrzV_32_l6__28_29_l24__28_28_280_2032_29_2_m83m
BrzV_33_l6__28_29_l24__28_28_280_2033_29_2_m84m
BrzV_34_l6__28_29_l24__28_28_280_2034_29_2_m85m
BrzV_35_l6__28_29_l24__28_28_280_2035_29_2_m86m
BrzV_35_l6__28_29_l24__28_28_280_2035_29_2_m87m
BrzV_35_l6__28_29_l24__28_28_280_2035_29_2_m88m
BrzV_35_l6__28_29_l24__28_28_280_2035_29_2_m89m
BrzV_35_l6__28_29_l24__28_28_280_2035_29_2_m90m
BrzV_35_l6__28_29_l24__28_28_280_2035_29_2_m91m
BrzV_35_l6__28_29_l24__28_28_280_2035_29_2_m92m
BrzV_35_l6__28_29_l24__28_28_280_2035_29_2_m93m
BrzV_35_l6__28_29_l45__28_28_280_2035_29_2_m94m
BrzV_36_l6__28_29_l24__28_28_280_2036_29_2_m95m
BrzV_36_l6__28_29_l24__28_28_280_2036_29_2_m96m
BrzV_36_l6__28_29_l24__28_28_280_2036_29_2_m97m
BrzV_36_l6__28_29_l45__28_28_280_2036_29_2_m98m
Balsa_signAdj
Balsa_doByPass
Balsa_bypassMul
Balsa_mControl10
Balsa_nanoMBoothR3rolled
Balsa_CSAdder__DP2
Balsa_CPadder
Balsa_nanoSpaMultiplier
Balsa_nmult
