GPLCVER_2.12a of 05/16/07 (Linux-elf).
Copyright (c) 1991-2007 Pragmatic C Software Corp.
  All Rights reserved.  Licensed under the GNU General Public License (GPL).
  See the 'COPYING' file for details.  NO WARRANTY provided.
Today is Sun Sep  6 07:18:06 2015.
Compiling source file "m_harness.v"
Highest level modules:
tkr_global
tkr_print
tkr_string
tkr_to_string
tkr_string_append
tkr_chr
tkr_builtin_var_write_reref
tkr_builtin_var_read_reref
tkr_stop
tkr_monitor_ctrl
AND3
AO222
AC2
MUTEX
top
my_top

reset
Shifter.L1.L RESET
Shifter.L35.L RESET
Shifter.L37.P RESET
Shifter.L37.A RESET
Shifter.L38.L RESET
Shifter.L72.L RESET
Shifter.L74.L RESET
Shifter.L76.L RESET
Shifter.L78.L RESET
Shifter.L80.L RESET
Shifter.L82.L RESET
Shifter.L84.L RESET
Shifter.L87.L RESET
Shifter.L100.L RESET
Shifter.L103.L RESET
Shifter.L104.L RESET
Shifter.L106.L RESET
Shifter.L108.L RESET
Shifter.L110.L RESET
Shifter.L112.L RESET
Shifter.L113.L RESET
Shifter.L114.L RESET
Shifter.L115.L RESET
Shifter.L122.P RESET
Shifter.L122.A RESET
Shifter.L129.L RESET
Shifter.L137.L RESET
Shifter.L138.L RESET
Shifter.L139.L RESET
Shifter.L140.L RESET
Shifter.L141.L RESET
Shifter.L142.L RESET
Shifter.L143.L RESET
Shifter.L144.L RESET
Shifter.L148.P RESET
Shifter.L148.A RESET
Shifter.L149.L RESET
Shifter.L151.L RESET
Shifter.L152.P RESET
Shifter.L152.A RESET
Shifter.L154.P RESET
Shifter.L154.A RESET
Shifter.L156.L RESET
Shifter.L157.L RESET
Shifter.L158.L RESET
Shifter.L159.L RESET
Shifter.L160.L RESET
Shifter.L161.L RESET
Shifter.L162.L RESET
Shifter.L175.L RESET
Shifter.L181.L RESET
Shifter.L183.L RESET
Shifter.L184.L RESET
Shifter.L185.L RESET
Shifter.L186.L RESET
Shifter.L188.L RESET
Shifter.L189.L RESET
Writing tkr report to file: shifter.report
Shifter.L154.P RESET -> SPACER
Shifter.L115.L RESET -> SPACER
Shifter.L114.L RESET -> SPACER
Shifter.L113.L RESET -> SPACER
Shifter.L122.A RESET -> SPACER
Shifter.L152.A RESET -> SPACER
Shifter.L148.A RESET -> SPACER
Shifter.L37.A RESET -> SPACER
Shifter.L156.L RESET -> SPACER
Shifter.L144.L RESET -> SPACER
Shifter.L76.L RESET -> SPACER
Shifter.L106.L RESET -> SPACER
Shifter.L183.L RESET -> SPACER
Shifter.L162.L RESET -> SPACER
Shifter.L160.L RESET -> SPACER
Shifter.L161.L RESET -> SPACER
Shifter.L175.L RESET -> SPACER
Shifter.L139.L RESET -> SPACER
Shifter.L137.L RESET -> SPACER
Shifter.L138.L RESET -> SPACER
Shifter.L186.L RESET -> SPACER
Shifter.L87.L RESET -> SPACER
Shifter.L37.P RESET -> SPACER
Shifter.L35.L RESET -> SPACER
Shifter.L148.P RESET -> SPACER
Shifter.L1.L RESET -> SPACER
Shifter.L154.A RESET -> SPACER
Shifter.L185.L RESET -> SPACER
Shifter.L143.L RESET -> SPACER
Shifter.L78.L RESET -> SPACER
Shifter.L112.L RESET -> SPACER
Shifter.L108.L RESET -> SPACER
Shifter.L110.L RESET -> SPACER
Shifter.L184.L RESET -> SPACER
Shifter.L159.L RESET -> SPACER
Shifter.L157.L RESET -> SPACER
Shifter.L158.L RESET -> SPACER
Shifter.L181.L RESET -> SPACER
Shifter.L142.L RESET -> SPACER
Shifter.L140.L RESET -> SPACER
Shifter.L141.L RESET -> SPACER
Shifter.L189.L RESET -> SPACER
Shifter.L122.P RESET -> SPACER
Shifter.L74.L RESET -> SPACER
Shifter.L72.L RESET -> SPACER
Shifter.L152.P RESET -> SPACER
Shifter.L38.L RESET -> SPACER
Shifter.L188.L RESET -> SPACER
Shifter.L151.L RESET -> SPACER
Shifter.L149.L RESET -> SPACER
Shifter.L84.L RESET -> SPACER
Shifter.L80.L RESET -> SPACER
Shifter.L82.L RESET -> SPACER
Shifter.L104.L RESET -> SPACER
Shifter.L103.L RESET -> SPACER
Shifter.L100.L RESET -> SPACER
Shifter.L129.L RESET -> SPACER
IN_shift
IN_dist
IN_arg
20050 Shifter.L151.L SPACER -> r
20050 Shifter.L129.L SPACER -> r
20050 Shifter.L122.A SPACER -> R
20050 Shifter.L104.L SPACER -> R
20050 Shifter.L103.L SPACER -> R
20100 Shifter.L72.L SPACER -> r
20100 Shifter.L100.L SPACER -> R
20100 Shifter.L122.P SPACER -> R
20200 Shifter.L151.L r -> R DATAAAAAAAAAAAAAA 7d
20200 Shifter.L129.L r -> R DATAAAAAAAAAAAAAA 7d
20300 Shifter.L148.A SPACER -> R
20300 Shifter.L152.A SPACER -> R
20350 Shifter.L122.A R -> RA
20400 Shifter.L148.A R -> RA
20400 Shifter.L152.A R -> RA
20400 Shifter.L152.P SPACER -> R
20400 Shifter.L122.A RA -> A
20450 Shifter.L148.P SPACER -> R
20750 Shifter.L74.L SPACER -> R
20750 Shifter.L37.A SPACER -> R
20750 Shifter.L149.L SPACER -> R
20800 Shifter.L37.A R -> RA
20800 Shifter.L72.L r -> R DATAAAAAAAAAAAAAA ffff0033
20800 Shifter.L37.P SPACER -> R
21550 Shifter.L38.L SPACER -> R
21600 Shifter.L189.L SPACER -> R
21600 Shifter.L188.L SPACER -> R
21650 Shifter.L154.A SPACER -> R
21700 Shifter.L154.A R -> RA
21700 Shifter.L184.L SPACER -> R
21700 Shifter.L154.P SPACER -> R
21750 Shifter.L181.L SPACER -> R
21900 Shifter.L159.L SPACER -> R
21950 Shifter.L84.L SPACER -> r
21950 Shifter.L142.L SPACER -> R
22200 Shifter.L84.L r -> R DATAAAAAAAAAAAAAA ffffc00c
22600 Shifter.L35.L SPACER -> r
22600 Shifter.L87.L SPACER -> R
22650 Shifter.L35.L r -> R DATAAAAAAAAAAAAAA ffffc00c
23400 Shifter.L1.L SPACER -> R
23450 Shifter.L186.L SPACER -> R
23450 Shifter.L185.L SPACER -> R
23500 Shifter.L156.L SPACER -> R
23550 Shifter.L144.L SPACER -> R
23600 Shifter.L106.L SPACER -> R
24050 Shifter.L115.L SPACER -> R
24050 Shifter.L113.L SPACER -> R
OUT_res
24100 Shifter.L114.L SPACER -> R
24100 Shifter.L115.L R -> RA
24150 Shifter.L76.L SPACER -> R
Halted at location **/home/mahdi/Desktop/teak/runtime/verilog_main/monitors.v(103) time 10000000 ps from call to $finish.
  There were 0 error(s), 0 warning(s), and 275 inform(s).
